2025-04-16 13:49:51,600 - entrypoints.3_retrieve - WARNING - 

[3_RETRIEVE] Running script...
2025-04-16 13:49:51,600 - entrypoints.3_retrieve - INFO - [3_RETRIEVE] Prompt given: This is a prompt?
2025-04-16 13:49:51,600 - helpers - WARNING - Dummy embedding decorator used - not actual embedding!
2025-04-16 13:49:51,600 - entrypoints.3_retrieve - INFO - [3_RETRIEVE] Prompt given: This is a prompt?. Embedding prompt...
2025-04-16 13:49:51,600 - root - DEBUG - <library> boost_function started running...
2025-04-16 13:49:51,600 - helpers - WARNING - Dummy embedding decorator used - not actual embedding!
2025-04-16 13:49:51,600 - root - DEBUG - <library> embed_one started running...
2025-04-16 13:49:51,600 - entrypoints.3_retrieve - INFO - [3_RETRIEVE] Prompt embedded. Retrieving the top X chunks...
2025-04-16 13:49:51,601 - root - DEBUG - <library> get_engine started running...
2025-04-16 13:49:51,601 - database - INFO - <DATABASE> Getting engine...
2025-04-16 13:49:51,601 - root - DEBUG - <library> connect started running...
2025-04-16 13:49:51,601 - database - INFO - <DATABASE> Connecting...
2025-04-16 13:49:51,601 - database - WARNING - <DATABASE> Connected to database successfully.
2025-04-16 13:49:51,601 - entrypoints.3_retrieve - INFO - [3_RETRIEVE] Chunks retrieved. Evaluating chunks...
2025-04-16 13:49:51,601 - entrypoints.3_retrieve - WARNING - [3_RETRIEVE] Chunks evaluated. Narrowed down to top Y chunks. Script exiting.
2025-04-16 13:49:54,613 - entrypoints.4_output - WARNING - 

[4_OUTPUT] Running script...
2025-04-16 13:49:54,614 - entrypoints.4_output - WARNING - [4_OUTPUT] Prompt given: This is a prompt?
2025-04-16 13:49:54,614 - entrypoints.4_output - INFO - [4_OUTPUT] Chunks given:
I am dummy chunk 1
I am dummy chunk 2
I am dummy chunk 3
2025-04-16 13:49:54,614 - entrypoints.4_output - INFO - [4_OUTPUT] Filtering chunks...
2025-04-16 13:49:54,614 - entrypoints.4_output - INFO - [4_OUTPUT] Chunks filtered.
2025-04-16 13:49:54,614 - entrypoints.4_output - INFO - [4_OUTPUT] Choosing chunk...
2025-04-16 13:49:54,614 - entrypoints.4_output - INFO - [4_OUTPUT] Chunk chosen.
2025-04-16 13:49:54,614 - entrypoints.4_output - INFO - [4_OUTPUT] Giving answer...
2025-04-16 13:49:54,614 - entrypoints.4_output - INFO - [4_OUTPUT] Answer given: some dummy answer
2025-04-16 13:49:54,614 - entrypoints.4_output - WARNING - [4_OUTPUT] Script finished. Exiting.
