2025-04-15 22:23:33,713 - run_script - INFO - Running run_script
2025-04-15 22:23:33,713 - __main__ - WARNING - [1_SCRAPE] Running script...
2025-04-15 22:24:20,207 - run_script - INFO - Running run_script
2025-04-15 22:24:20,207 - __main__ - WARNING - [1_SCRAPE] Running script...
2025-04-15 22:24:20,207 - scrape - INFO - [SCRAPE] Detecting changes in the website...
2025-04-15 22:24:20,207 - scrape - WARNING - [SCRAPE] Changes detected.
2025-04-15 22:24:20,207 - __main__ - WARNING - [1_SCRAPE] Changes detected. Instantiating the entire pipeline...
2025-04-15 22:24:20,207 - __main__ - INFO - [1_SCRAPE] Running spider...
2025-04-15 22:24:20,207 - scrape - INFO - [SCRAPE] Running spider...
2025-04-15 22:24:20,207 - scrape - INFO - [SCRAPE] Spider ran successfully.
2025-04-15 22:24:20,207 - __main__ - INFO - [1_SCRAPE] Spider ran successfully.
2025-04-15 22:24:20,207 - run_script - INFO - Finished run_script
2025-04-15 22:25:01,566 - wrapper - INFO - Running wrapper
2025-04-15 22:25:01,566 - __main__ - WARNING - 

[1_SCRAPE] Running script...
2025-04-15 22:25:01,566 - scrape - INFO - [SCRAPE] Detecting changes in the website...
2025-04-15 22:25:01,566 - scrape - WARNING - [SCRAPE] Changes detected.
2025-04-15 22:25:01,566 - __main__ - WARNING - [1_SCRAPE] Changes detected. Instantiating the entire pipeline...
2025-04-15 22:25:01,566 - __main__ - INFO - [1_SCRAPE] Running spider...
2025-04-15 22:25:01,566 - scrape - INFO - [SCRAPE] Running spider...
2025-04-15 22:25:01,566 - scrape - INFO - [SCRAPE] Spider ran successfully.
2025-04-15 22:25:01,566 - __main__ - INFO - [1_SCRAPE] Spider ran successfully.
2025-04-15 22:25:02,567 - wrapper - INFO - Finished wrapper
2025-04-15 22:25:29,930 - wrapper - INFO - Running wrapper
2025-04-15 22:25:29,930 - __main__ - WARNING - 

[1_SCRAPE] Running script...
2025-04-15 22:25:29,930 - scrape - INFO - [SCRAPE] Detecting changes in the website...
2025-04-15 22:25:29,930 - scrape - WARNING - [SCRAPE] Changes detected.
2025-04-15 22:25:29,930 - __main__ - WARNING - [1_SCRAPE] Changes detected. Instantiating the entire pipeline...
2025-04-15 22:25:29,931 - __main__ - INFO - [1_SCRAPE] Running spider...
2025-04-15 22:25:29,931 - scrape - INFO - [SCRAPE] Running spider...
2025-04-15 22:25:29,931 - scrape - INFO - [SCRAPE] Spider ran successfully.
2025-04-15 22:25:29,931 - __main__ - INFO - [1_SCRAPE] Spider ran successfully.
2025-04-15 22:25:39,934 - wrapper - INFO - Finished wrapper
2025-04-15 22:36:44,744 - run_script - INFO - Running run_script
2025-04-15 22:36:44,744 - entrypoints.1_scrape - WARNING - 

[1_SCRAPE] Running script...
2025-04-15 22:36:44,744 - scrape - INFO - [SCRAPE] Detecting changes in the website...
2025-04-15 22:36:44,744 - scrape - INFO - [SCRAPE] Changes detected.
2025-04-15 22:36:44,744 - entrypoints.1_scrape - WARNING - [1_SCRAPE] Changes detected. Instantiating the entire pipeline...
2025-04-15 22:36:44,744 - entrypoints.1_scrape - INFO - [1_SCRAPE] Running spider...
2025-04-15 22:36:44,744 - scrape - INFO - [SCRAPE] Running spider...
2025-04-15 22:36:44,744 - scrape - INFO - [SCRAPE] Spider ran successfully.
2025-04-15 22:36:44,744 - entrypoints.1_scrape - WARNING - [1_SCRAPE] Spider ran successfully. 1_SCRAPE script exiting.
2025-04-15 22:36:44,744 - run_script - INFO - Finished run_script
